<?xml version="1.0" encoding="UTF-8"?>
<!-- Generated by org.testng.reporters.JUnitXMLReporter -->
<testsuite hostname="DESKTOP-90QM8IP" ignored="0" name="Default test" tests="3" failures="0" timestamp="2020-07-11T19:01:24 EDT" time="23.841" errors="0">
  <testcase name="clickOnAdminTab" time="3.869" classname="com.OrangeHRM.testcases.HomePageTest"/>
  <testcase name="LogoTest" time="0.059" classname="com.OrangeHRM.testcases.LoginPageTest"/>
  <testcase name="loginTest" time="1.242" classname="com.OrangeHRM.testcases.LoginPageTest"/>
</testsuite> <!-- Default test -->
