<?xml version="1.0" encoding="UTF-8"?>
<!-- Generated by org.testng.reporters.JUnitXMLReporter -->
<testsuite hostname="DESKTOP-90QM8IP" ignored="0" name="Test" tests="3" failures="0" timestamp="2020-07-11T21:26:54 EDT" time="23.636" errors="0">
  <testcase name="LogoTest" time="0.066" classname="com.OrangeHRM.testcases.LoginPageTest"/>
  <testcase name="loginTest" time="1.252" classname="com.OrangeHRM.testcases.LoginPageTest"/>
  <testcase name="clickOnAdminTab" time="3.755" classname="com.OrangeHRM.testcases.HomePageTest"/>
</testsuite> <!-- Test -->
